# JRE version: OpenJDK Runtime Environment (11.0.10) (build 11.0.10+0-b96-7249189)
# Java VM: OpenJDK 64-Bit Server VM (11.0.10+0-b96-7249189, mixed mode, tiered, compressed oops, g1 gc, windows-amd64)
Heap:
 garbage-first heap   total 189440K, used 98780K [0x0000000080000000, 0x0000000100000000)
  region size 1024K, 9 young (9216K), 6 survivors (6144K)
 Metaspace       used 110506K, capacity 113700K, committed 114048K, reserved 1148928K
  class space    used 14220K, capacity 15394K, committed 15488K, reserved 1048576K
GC Heap History (20 events):
Event: 396.637 GC heap before
{Heap before GC invocations=25 (full 0):
 garbage-first heap   total 189440K, used 151040K [0x0000000080000000, 0x0000000100000000)
  region size 1024K, 62 young (63488K), 3 survivors (3072K)
 Metaspace       used 91781K, capacity 94239K, committed 94592K, reserved 1130496K
  class space    used 11646K, capacity 12564K, committed 12672K, reserved 1048576K
}
Event: 396.662 GC heap after
{Heap after GC invocations=26 (full 0):
 garbage-first heap   total 189440K, used 97280K [0x0000000080000000, 0x0000000100000000)
  region size 1024K, 8 young (8192K), 8 survivors (8192K)
 Metaspace       used 91781K, capacity 94239K, committed 94592K, reserved 1130496K
  class space    used 11646K, capacity 12564K, committed 12672K, reserved 1048576K
}
Event: 407.047 GC heap before
{Heap before GC invocations=27 (full 0):
 garbage-first heap   total 189440K, used 155648K [0x0000000080000000, 0x0000000100000000)
  region size 1024K, 63 young (64512K), 8 survivors (8192K)
 Metaspace       used 92028K, capacity 94612K, committed 94848K, reserved 1132544K
  class space    used 11648K, capacity 12554K, committed 12672K, reserved 1048576K
}
Event: 407.073 GC heap after
{Heap after GC invocations=28 (full 0):
 garbage-first heap   total 189440K, used 101005K [0x0000000080000000, 0x0000000100000000)
  region size 1024K, 2 young (2048K), 2 survivors (2048K)
 Metaspace       used 92028K, capacity 94612K, committed 94848K, reserved 1132544K
  class space    used 11648K, capacity 12554K, committed 12672K, reserved 1048576K
}
Event: 410.134 GC heap before
{Heap before GC invocations=28 (full 0):
 garbage-first heap   total 189440K, used 108173K [0x0000000080000000, 0x0000000100000000)
  region size 1024K, 9 young (9216K), 2 survivors (2048K)
 Metaspace       used 92041K, capacity 94620K, committed 94848K, reserved 1132544K
  class space    used 11649K, capacity 12556K, committed 12672K, reserved 1048576K
}
Event: 410.147 GC heap after
{Heap after GC invocations=29 (full 0):
 garbage-first heap   total 189440K, used 96590K [0x0000000080000000, 0x0000000100000000)
  region size 1024K, 1 young (1024K), 1 survivors (1024K)
 Metaspace       used 92041K, capacity 94620K, committed 94848K, reserved 1132544K
  class space    used 11649K, capacity 12556K, committed 12672K, reserved 1048576K
}
Event: 487.278 GC heap before
{Heap before GC invocations=29 (full 0):
 garbage-first heap   total 189440K, used 149838K [0x0000000080000000, 0x0000000100000000)
  region size 1024K, 55 young (56320K), 1 survivors (1024K)
 Metaspace       used 92498K, capacity 95051K, committed 95360K, reserved 1132544K
  class space    used 11660K, capacity 12572K, committed 12672K, reserved 1048576K
}
Event: 487.299 GC heap after
{Heap after GC invocations=30 (full 0):
 garbage-first heap   total 189440K, used 102228K [0x0000000080000000, 0x0000000100000000)
  region size 1024K, 7 young (7168K), 7 survivors (7168K)
 Metaspace       used 92498K, capacity 95051K, committed 95360K, reserved 1132544K
  class space    used 11660K, capacity 12572K, committed 12672K, reserved 1048576K
}
Event: 488.720 GC heap before
{Heap before GC invocations=31 (full 0):
 garbage-first heap   total 189440K, used 154452K [0x0000000080000000, 0x0000000100000000)
  region size 1024K, 58 young (59392K), 7 survivors (7168K)
 Metaspace       used 92745K, capacity 95258K, committed 95360K, reserved 1132544K
  class space    used 11667K, capacity 12576K, committed 12672K, reserved 1048576K
}
Event: 488.746 GC heap after
{Heap after GC invocations=32 (full 0):
 garbage-first heap   total 189440K, used 102915K [0x0000000080000000, 0x0000000100000000)
  region size 1024K, 2 young (2048K), 2 survivors (2048K)
 Metaspace       used 92745K, capacity 95258K, committed 95360K, reserved 1132544K
  class space    used 11667K, capacity 12576K, committed 12672K, reserved 1048576K
}
Event: 489.545 GC heap before
{Heap before GC invocations=32 (full 0):
 garbage-first heap   total 189440K, used 109059K [0x0000000080000000, 0x0000000100000000)
  region size 1024K, 9 young (9216K), 2 survivors (2048K)
 Metaspace       used 92794K, capacity 95300K, committed 95616K, reserved 1132544K
  class space    used 11675K, capacity 12588K, committed 12672K, reserved 1048576K
}
Event: 489.569 GC heap after
{Heap after GC invocations=33 (full 0):
 garbage-first heap   total 189440K, used 95020K [0x0000000080000000, 0x0000000100000000)
  region size 1024K, 1 young (1024K), 1 survivors (1024K)
 Metaspace       used 92794K, capacity 95300K, committed 95616K, reserved 1132544K
  class space    used 11675K, capacity 12588K, committed 12672K, reserved 1048576K
}
Event: 492.864 GC heap before
{Heap before GC invocations=33 (full 0):
 garbage-first heap   total 189440K, used 152364K [0x0000000080000000, 0x0000000100000000)
  region size 1024K, 58 young (59392K), 1 survivors (1024K)
 Metaspace       used 103631K, capacity 106605K, committed 106880K, reserved 1142784K
  class space    used 13316K, capacity 14412K, committed 14464K, reserved 1048576K
}
Event: 492.879 GC heap after
{Heap after GC invocations=34 (full 0):
 garbage-first heap   total 189440K, used 96924K [0x0000000080000000, 0x0000000100000000)
  region size 1024K, 3 young (3072K), 3 survivors (3072K)
 Metaspace       used 103631K, capacity 106605K, committed 106880K, reserved 1142784K
  class space    used 13316K, capacity 14412K, committed 14464K, reserved 1048576K
}
Event: 496.213 GC heap before
{Heap before GC invocations=35 (full 0):
 garbage-first heap   total 189440K, used 154268K [0x0000000080000000, 0x0000000100000000)
  region size 1024K, 60 young (61440K), 3 survivors (3072K)
 Metaspace       used 108149K, capacity 111194K, committed 111360K, reserved 1144832K
  class space    used 13945K, capacity 15074K, committed 15104K, reserved 1048576K
}
Event: 496.237 GC heap after
{Heap after GC invocations=36 (full 0):
 garbage-first heap   total 189440K, used 99176K [0x0000000080000000, 0x0000000100000000)
  region size 1024K, 5 young (5120K), 5 survivors (5120K)
 Metaspace       used 108149K, capacity 111194K, committed 111360K, reserved 1144832K
  class space    used 13945K, capacity 15074K, committed 15104K, reserved 1048576K
}
Event: 496.396 GC heap before
{Heap before GC invocations=36 (full 0):
 garbage-first heap   total 189440K, used 102248K [0x0000000080000000, 0x0000000100000000)
  region size 1024K, 9 young (9216K), 5 survivors (5120K)
 Metaspace       used 108425K, capacity 111464K, committed 111616K, reserved 1146880K
  class space    used 13968K, capacity 15088K, committed 15104K, reserved 1048576K
}
Event: 496.418 GC heap after
{Heap after GC invocations=37 (full 0):
 garbage-first heap   total 189440K, used 94112K [0x0000000080000000, 0x0000000100000000)
  region size 1024K, 1 young (1024K), 1 survivors (1024K)
 Metaspace       used 108425K, capacity 111464K, committed 111616K, reserved 1146880K
  class space    used 13968K, capacity 15088K, committed 15104K, reserved 1048576K
}
Event: 758.218 GC heap before
{Heap before GC invocations=37 (full 0):
 garbage-first heap   total 189440K, used 181152K [0x0000000080000000, 0x0000000100000000)
  region size 1024K, 60 young (61440K), 1 survivors (1024K)
 Metaspace       used 110506K, capacity 113700K, committed 114048K, reserved 1148928K
  class space    used 14220K, capacity 15394K, committed 15488K, reserved 1048576K
}
Event: 758.241 GC heap after
{Heap after GC invocations=38 (full 0):
 garbage-first heap   total 189440K, used 98780K [0x0000000080000000, 0x0000000100000000)
  region size 1024K, 6 young (6144K), 6 survivors (6144K)
 Metaspace       used 110506K, capacity 113700K, committed 114048K, reserved 1148928K
  class space    used 14220K, capacity 15394K, committed 15488K, reserved 1048576K
}

