# JRE version: OpenJDK Runtime Environment (11.0.10) (build 11.0.10+0-b96-7249189)
# Java VM: OpenJDK 64-Bit Server VM (11.0.10+0-b96-7249189, mixed mode, tiered, compressed oops, g1 gc, windows-amd64)
Heap:
 garbage-first heap   total 189440K, used 118401K [0x0000000080000000, 0x0000000100000000)
  region size 1024K, 23 young (23552K), 4 survivors (4096K)
 Metaspace       used 99709K, capacity 102159K, committed 102360K, reserved 1138688K
  class space    used 12803K, capacity 13694K, committed 13784K, reserved 1048576K
GC Heap History (20 events):
Event: 39.874 GC heap before
{Heap before GC invocations=18 (full 0):
 garbage-first heap   total 189440K, used 136814K [0x0000000080000000, 0x0000000100000000)
  region size 1024K, 85 young (87040K), 10 survivors (10240K)
 Metaspace       used 80180K, capacity 82206K, committed 82304K, reserved 1120256K
  class space    used 10372K, capacity 11127K, committed 11136K, reserved 1048576K
}
Event: 39.911 GC heap after
{Heap after GC invocations=19 (full 0):
 garbage-first heap   total 189440K, used 66018K [0x0000000080000000, 0x0000000100000000)
  region size 1024K, 10 young (10240K), 10 survivors (10240K)
 Metaspace       used 80180K, capacity 82206K, committed 82304K, reserved 1120256K
  class space    used 10372K, capacity 11127K, committed 11136K, reserved 1048576K
}
Event: 43.291 GC heap before
{Heap before GC invocations=19 (full 0):
 garbage-first heap   total 189440K, used 161250K [0x0000000080000000, 0x0000000100000000)
  region size 1024K, 85 young (87040K), 10 survivors (10240K)
 Metaspace       used 83505K, capacity 85655K, committed 85760K, reserved 1124352K
  class space    used 10722K, capacity 11517K, committed 11520K, reserved 1048576K
}
Event: 43.321 GC heap after
{Heap after GC invocations=20 (full 0):
 garbage-first heap   total 189440K, used 67466K [0x0000000080000000, 0x0000000100000000)
  region size 1024K, 7 young (7168K), 7 survivors (7168K)
 Metaspace       used 83505K, capacity 85655K, committed 85760K, reserved 1124352K
  class space    used 10722K, capacity 11517K, committed 11520K, reserved 1048576K
}
Event: 47.798 GC heap before
{Heap before GC invocations=20 (full 0):
 garbage-first heap   total 189440K, used 144266K [0x0000000080000000, 0x0000000100000000)
  region size 1024K, 83 young (84992K), 7 survivors (7168K)
 Metaspace       used 88158K, capacity 90324K, committed 90496K, reserved 1128448K
  class space    used 11276K, capacity 12082K, committed 12160K, reserved 1048576K
}
Event: 47.825 GC heap after
{Heap after GC invocations=21 (full 0):
 garbage-first heap   total 189440K, used 70033K [0x0000000080000000, 0x0000000100000000)
  region size 1024K, 5 young (5120K), 5 survivors (5120K)
 Metaspace       used 88158K, capacity 90324K, committed 90496K, reserved 1128448K
  class space    used 11276K, capacity 12082K, committed 12160K, reserved 1048576K
}
Event: 50.774 GC heap before
{Heap before GC invocations=21 (full 0):
 garbage-first heap   total 189440K, used 147857K [0x0000000080000000, 0x0000000100000000)
  region size 1024K, 82 young (83968K), 5 survivors (5120K)
 Metaspace       used 89169K, capacity 91415K, committed 91648K, reserved 1128448K
  class space    used 11410K, capacity 12201K, committed 12288K, reserved 1048576K
}
Event: 50.804 GC heap after
{Heap after GC invocations=22 (full 0):
 garbage-first heap   total 189440K, used 79296K [0x0000000080000000, 0x0000000100000000)
  region size 1024K, 11 young (11264K), 11 survivors (11264K)
 Metaspace       used 89169K, capacity 91415K, committed 91648K, reserved 1128448K
  class space    used 11410K, capacity 12201K, committed 12288K, reserved 1048576K
}
Event: 52.755 GC heap before
{Heap before GC invocations=22 (full 0):
 garbage-first heap   total 189440K, used 149952K [0x0000000080000000, 0x0000000100000000)
  region size 1024K, 80 young (81920K), 11 survivors (11264K)
 Metaspace       used 93878K, capacity 96216K, committed 96384K, reserved 1132544K
  class space    used 12041K, capacity 12863K, committed 12928K, reserved 1048576K
}
Event: 52.804 GC heap after
{Heap after GC invocations=23 (full 0):
 garbage-first heap   total 189440K, used 86655K [0x0000000080000000, 0x0000000100000000)
  region size 1024K, 10 young (10240K), 10 survivors (10240K)
 Metaspace       used 93878K, capacity 96216K, committed 96384K, reserved 1132544K
  class space    used 12041K, capacity 12863K, committed 12928K, reserved 1048576K
}
Event: 53.373 GC heap before
{Heap before GC invocations=23 (full 0):
 garbage-first heap   total 189440K, used 150143K [0x0000000080000000, 0x0000000100000000)
  region size 1024K, 72 young (73728K), 10 survivors (10240K)
 Metaspace       used 94942K, capacity 97387K, committed 97664K, reserved 1134592K
  class space    used 12208K, capacity 13069K, committed 13184K, reserved 1048576K
}
Event: 53.437 GC heap after
{Heap after GC invocations=24 (full 0):
 garbage-first heap   total 189440K, used 95744K [0x0000000080000000, 0x0000000100000000)
  region size 1024K, 9 young (9216K), 9 survivors (9216K)
 Metaspace       used 94942K, capacity 97387K, committed 97664K, reserved 1134592K
  class space    used 12208K, capacity 13069K, committed 13184K, reserved 1048576K
}
Event: 54.573 GC heap before
{Heap before GC invocations=24 (full 0):
 garbage-first heap   total 189440K, used 132608K [0x0000000080000000, 0x0000000100000000)
  region size 1024K, 46 young (47104K), 9 survivors (9216K)
 Metaspace       used 98111K, capacity 100613K, committed 100696K, reserved 1136640K
  class space    used 12687K, capacity 13601K, committed 13656K, reserved 1048576K
}
Event: 54.612 GC heap after
{Heap after GC invocations=25 (full 0):
 garbage-first heap   total 189440K, used 99328K [0x0000000080000000, 0x0000000100000000)
  region size 1024K, 3 young (3072K), 3 survivors (3072K)
 Metaspace       used 98111K, capacity 100613K, committed 100696K, reserved 1136640K
  class space    used 12687K, capacity 13601K, committed 13656K, reserved 1048576K
}
Event: 56.644 GC heap before
{Heap before GC invocations=26 (full 0):
 garbage-first heap   total 189440K, used 145408K [0x0000000080000000, 0x0000000100000000)
  region size 1024K, 48 young (49152K), 3 survivors (3072K)
 Metaspace       used 99449K, capacity 101939K, committed 102104K, reserved 1138688K
  class space    used 12787K, capacity 13689K, committed 13784K, reserved 1048576K
}
Event: 56.664 GC heap after
{Heap after GC invocations=27 (full 0):
 garbage-first heap   total 189440K, used 99747K [0x0000000080000000, 0x0000000100000000)
  region size 1024K, 4 young (4096K), 4 survivors (4096K)
 Metaspace       used 99449K, capacity 101939K, committed 102104K, reserved 1138688K
  class space    used 12787K, capacity 13689K, committed 13784K, reserved 1048576K
}
Event: 57.445 GC heap before
{Heap before GC invocations=27 (full 0):
 garbage-first heap   total 189440K, used 147875K [0x0000000080000000, 0x0000000100000000)
  region size 1024K, 51 young (52224K), 4 survivors (4096K)
 Metaspace       used 99637K, capacity 102081K, committed 102360K, reserved 1138688K
  class space    used 12800K, capacity 13690K, committed 13784K, reserved 1048576K
}
Event: 57.459 GC heap after
{Heap after GC invocations=28 (full 0):
 garbage-first heap   total 189440K, used 99653K [0x0000000080000000, 0x0000000100000000)
  region size 1024K, 4 young (4096K), 4 survivors (4096K)
 Metaspace       used 99637K, capacity 102081K, committed 102360K, reserved 1138688K
  class space    used 12800K, capacity 13690K, committed 13784K, reserved 1048576K
}
Event: 58.535 GC heap before
{Heap before GC invocations=29 (full 0):
 garbage-first heap   total 189440K, used 149829K [0x0000000080000000, 0x0000000100000000)
  region size 1024K, 53 young (54272K), 4 survivors (4096K)
 Metaspace       used 99697K, capacity 102159K, committed 102360K, reserved 1138688K
  class space    used 12803K, capacity 13694K, committed 13784K, reserved 1048576K
}
Event: 58.556 GC heap after
{Heap after GC invocations=30 (full 0):
 garbage-first heap   total 189440K, used 99969K [0x0000000080000000, 0x0000000100000000)
  region size 1024K, 4 young (4096K), 4 survivors (4096K)
 Metaspace       used 99697K, capacity 102159K, committed 102360K, reserved 1138688K
  class space    used 12803K, capacity 13694K, committed 13784K, reserved 1048576K
}

